2018-02-22 18:45:18 [scrapy.utils.log] INFO: Scrapy 1.5.0 started (bot: quotes_spider)
2018-02-22 18:45:18 [scrapy.utils.log] INFO: Versions: lxml 3.7.3.0, libxml2 2.9.4, cssselect 1.0.1, parsel 1.2.0, w3lib 1.17.0, Twisted 17.5.0, Python 3.6.1 |Anaconda 4.4.0 (64-bit)| (default, May 11 2017, 13:25:24) [MSC v.1900 64 bit (AMD64)], pyOpenSSL 17.0.0 (OpenSSL 1.0.2l  25 May 2017), cryptography 1.8.1, Platform Windows-10-10.0.16299-SP0
2018-02-22 18:45:18 [scrapy.crawler] INFO: Overridden settings: {'BOT_NAME': 'quotes_spider', 'LOG_FILE': 'scrapy.logapy.log', 'NEWSPIDER_MODULE': 'quotes_spider.spiders', 'SPIDER_MODULES': ['quotes_spider.spiders']}
2018-02-22 18:45:18 [scrapy.middleware] INFO: Enabled extensions:
['scrapy.extensions.corestats.CoreStats',
 'scrapy.extensions.telnet.TelnetConsole',
 'scrapy.extensions.logstats.LogStats']
2018-02-22 18:45:19 [scrapy.middleware] INFO: Enabled downloader middlewares:
['scrapy.downloadermiddlewares.httpauth.HttpAuthMiddleware',
 'scrapy.downloadermiddlewares.downloadtimeout.DownloadTimeoutMiddleware',
 'scrapy.downloadermiddlewares.defaultheaders.DefaultHeadersMiddleware',
 'scrapy.downloadermiddlewares.useragent.UserAgentMiddleware',
 'scrapy.downloadermiddlewares.retry.RetryMiddleware',
 'scrapy.downloadermiddlewares.redirect.MetaRefreshMiddleware',
 'scrapy.downloadermiddlewares.httpcompression.HttpCompressionMiddleware',
 'scrapy.downloadermiddlewares.redirect.RedirectMiddleware',
 'scrapy.downloadermiddlewares.cookies.CookiesMiddleware',
 'scrapy.downloadermiddlewares.httpproxy.HttpProxyMiddleware',
 'scrapy.downloadermiddlewares.stats.DownloaderStats']
2018-02-22 18:45:19 [scrapy.middleware] INFO: Enabled spider middlewares:
['scrapy.spidermiddlewares.httperror.HttpErrorMiddleware',
 'scrapy.spidermiddlewares.offsite.OffsiteMiddleware',
 'scrapy.spidermiddlewares.referer.RefererMiddleware',
 'scrapy.spidermiddlewares.urllength.UrlLengthMiddleware',
 'scrapy.spidermiddlewares.depth.DepthMiddleware']
2018-02-22 18:45:19 [scrapy.middleware] INFO: Enabled item pipelines:
[]
2018-02-22 18:45:19 [scrapy.core.engine] INFO: Spider opened
2018-02-22 18:45:19 [scrapy.extensions.logstats] INFO: Crawled 0 pages (at 0 pages/min), scraped 0 items (at 0 items/min)
2018-02-22 18:45:19 [scrapy.extensions.telnet] DEBUG: Telnet console listening on 127.0.0.1:6024
2018-02-22 18:45:19 [scrapy.core.engine] DEBUG: Crawled (200) <GET https://en.wikipedia.org/wiki/%C3%86thelfl%C3%A6d> (referer: None)
2018-02-22 18:45:19 [scrapy.core.scraper] ERROR: Spider error processing <GET https://en.wikipedia.org/wiki/%C3%86thelfl%C3%A6d> (referer: None)
Traceback (most recent call last):
  File "C:\Users\Κωνσταντινος\untitled\lib\site-packages\scrapy\utils\defer.py", line 102, in iter_errback
    yield next(it)
  File "C:\Users\Κωνσταντινος\untitled\lib\site-packages\scrapy\spidermiddlewares\offsite.py", line 30, in process_spider_output
    for x in result:
  File "C:\Users\Κωνσταντινος\untitled\lib\site-packages\scrapy\spidermiddlewares\referer.py", line 339, in <genexpr>
    return (_set_referer(r) for r in result or ())
  File "C:\Users\Κωνσταντινος\untitled\lib\site-packages\scrapy\spidermiddlewares\urllength.py", line 37, in <genexpr>
    return (r for r in result or () if _filter(r))
  File "C:\Users\Κωνσταντινος\untitled\lib\site-packages\scrapy\spidermiddlewares\depth.py", line 58, in <genexpr>
    return (r for r in result or () if _filter(r))
  File "C:\Users\Κωνσταντινος\Desktop\quotes_spider\quotes_spider\spiders\quotes.py", line 15, in parse
    self.update_settings(settings["DUPEFILTER_DEBUG"], True)
NameError: name 'settings' is not defined
2018-02-22 18:45:19 [scrapy.core.engine] INFO: Closing spider (finished)
2018-02-22 18:45:19 [scrapy.statscollectors] INFO: Dumping Scrapy stats:
{'downloader/request_bytes': 239,
 'downloader/request_count': 1,
 'downloader/request_method_count/GET': 1,
 'downloader/response_bytes': 41375,
 'downloader/response_count': 1,
 'downloader/response_status_count/200': 1,
 'finish_reason': 'finished',
 'finish_time': datetime.datetime(2018, 2, 22, 16, 45, 19, 676285),
 'log_count/DEBUG': 2,
 'log_count/ERROR': 1,
 'log_count/INFO': 7,
 'response_received_count': 1,
 'scheduler/dequeued': 1,
 'scheduler/dequeued/memory': 1,
 'scheduler/enqueued': 1,
 'scheduler/enqueued/memory': 1,
 'spider_exceptions/NameError': 1,
 'start_time': datetime.datetime(2018, 2, 22, 16, 45, 19, 86977)}
2018-02-22 18:45:19 [scrapy.core.engine] INFO: Spider closed (finished)
